<?xml version="1.0" encoding="UTF-8"?>
<!-- Generated by org.testng.reporters.JUnitReportReporter -->
<testsuite skipped="1" hostname="Musas-MacBook-Pro.local" name="myNewExcel.ExcelNew" tests="3" failures="0" timestamp="01 Apr 2018 04:23:02 GMT" time="0.728" errors="0">
  <testcase name="tableRead" time="0.187" classname="myNewExcel.ExcelNew"/>
  <testcase name="writeToExl" time="0.541" classname="myNewExcel.ExcelNew"/>
  <testcase name="tableRead2" classname="myNewExcel.ExcelNew">
    <skipped/>
  </testcase> <!-- tableRead2 -->
</testsuite> <!-- myNewExcel.ExcelNew -->
