<?xml version="1.0" encoding="UTF-8"?>
<!-- Generated by org.testng.reporters.JUnitReportReporter -->
<testsuite skipped="0" hostname="Musas-MacBook-Pro.local" name="myNewExcel.ExcelRead" tests="3" failures="0" timestamp="11 Mar 2018 16:00:08 GMT" time="16.531" errors="0">
  <testcase name="loginTest" time="14.553" classname="myNewExcel.ExcelRead"/>
  <testcase name="readExcel" time="1.276" classname="myNewExcel.ExcelRead"/>
  <testcase name="readExcel2" time="0.702" classname="myNewExcel.ExcelRead"/>
</testsuite> <!-- myNewExcel.ExcelRead -->
