<?xml version="1.0" encoding="UTF-8"?>
<!-- Generated by org.testng.reporters.JUnitReportReporter -->
<testsuite skipped="0" hostname="Musas-MacBook-Pro.local" name="withNadir.Ofac" tests="1" failures="0" timestamp="22 Nov 2017 00:59:37 GMT" time="0.513" errors="0">
  <testcase name="readData" time="0.513" classname="withNadir.Ofac"/>
</testsuite> <!-- withNadir.Ofac -->
